TN:
SF:src/use-cases/submit-feedback-use-case.ts
FN:16,excute
FN:11,SubmitFeedbackUseCase
FNF:2
FNH:2
FNDA:2,excute
FNDA:1,SubmitFeedbackUseCase
DA:1,1
DA:2,1
DA:3,1
DA:4,1
DA:5,1
DA:6,1
DA:7,1
DA:8,1
DA:9,1
DA:10,1
DA:11,1
DA:12,1
DA:13,1
DA:14,1
DA:15,1
DA:16,1
DA:17,2
DA:18,2
DA:19,2
DA:20,1
DA:21,1
DA:22,1
DA:23,2
DA:24,0
DA:25,0
DA:26,1
DA:27,2
DA:28,0
DA:29,0
DA:30,1
DA:31,1
DA:32,1
DA:33,1
DA:34,1
DA:35,1
DA:36,1
DA:37,1
DA:38,1
DA:39,1
DA:40,1
DA:41,1
DA:42,1
DA:43,1
DA:44,1
DA:45,1
DA:46,1
DA:47,1
LF:47
LH:43
BRDA:16,0,0,2
BRDA:19,1,0,1
BRDA:23,2,0,0
BRDA:26,3,0,1
BRDA:27,4,0,0
BRDA:30,5,0,1
BRDA:11,6,0,1
BRF:7
BRH:5
end_of_record
